  Game.cpp
D:\Tecnicatura En Diseño y Programacion de Videojuegos\MYAii\U2 Ej5 Pilar Marco\Box2dFirstApp\Src\Box2DHelper.h(161,18): warning C4305: '=': truncamiento de 'double' a 'float'
  (compilando archivo de origen "../Src/Game.cpp")
  
D:\Tecnicatura En Diseño y Programacion de Videojuegos\MYAii\U2 Ej5 Pilar Marco\Box2dFirstApp\Src\bloque.h(50,30): warning C4244: 'argumento': conversión de 'double' a 'float'; posible pérdida de datos
  (compilando archivo de origen "../Src/Game.cpp")
  
D:\Tecnicatura En Diseño y Programacion de Videojuegos\MYAii\U2 Ej5 Pilar Marco\Box2dFirstApp\Src\Game.cpp(55,52): warning C4244: 'argumento': conversión de 'int' a 'T'; posible pérdida de datos
D:\Tecnicatura En Diseño y Programacion de Videojuegos\MYAii\U2 Ej5 Pilar Marco\Box2dFirstApp\Src\Game.cpp(55,52): warning C4244:         with
D:\Tecnicatura En Diseño y Programacion de Videojuegos\MYAii\U2 Ej5 Pilar Marco\Box2dFirstApp\Src\Game.cpp(55,52): warning C4244:         [
D:\Tecnicatura En Diseño y Programacion de Videojuegos\MYAii\U2 Ej5 Pilar Marco\Box2dFirstApp\Src\Game.cpp(55,52): warning C4244:             T=float
D:\Tecnicatura En Diseño y Programacion de Videojuegos\MYAii\U2 Ej5 Pilar Marco\Box2dFirstApp\Src\Game.cpp(55,52): warning C4244:         ]
D:\Tecnicatura En Diseño y Programacion de Videojuegos\MYAii\U2 Ej5 Pilar Marco\Box2dFirstApp\Src\Game.cpp(60,53): warning C4244: 'argumento': conversión de 'int' a 'T'; posible pérdida de datos
D:\Tecnicatura En Diseño y Programacion de Videojuegos\MYAii\U2 Ej5 Pilar Marco\Box2dFirstApp\Src\Game.cpp(60,53): warning C4244:         with
D:\Tecnicatura En Diseño y Programacion de Videojuegos\MYAii\U2 Ej5 Pilar Marco\Box2dFirstApp\Src\Game.cpp(60,53): warning C4244:         [
D:\Tecnicatura En Diseño y Programacion de Videojuegos\MYAii\U2 Ej5 Pilar Marco\Box2dFirstApp\Src\Game.cpp(60,53): warning C4244:             T=float
D:\Tecnicatura En Diseño y Programacion de Videojuegos\MYAii\U2 Ej5 Pilar Marco\Box2dFirstApp\Src\Game.cpp(60,53): warning C4244:         ]
  bloque.cpp
D:\Tecnicatura En Diseño y Programacion de Videojuegos\MYAii\U2 Ej5 Pilar Marco\Box2dFirstApp\Src\bloque.h(50,30): warning C4244: 'argumento': conversión de 'double' a 'float'; posible pérdida de datos
  (compilando archivo de origen "../Src/bloque.cpp")
  
  Generando código...
  Box2dEmptyApp.vcxproj -> D:\Tecnicatura En Diseño y Programacion de Videojuegos\MYAii\U2 Ej5 Pilar Marco\Box2dFirstApp\Bin\Debug\Box2dEmptyApp.exe
